<?xml version="1.0" encoding="UTF-8"?>
<!-- Generated by org.testng.reporters.JUnitReportReporter -->
<testsuite ignored="0" hostname="MIDL005224" failures="0" tests="1" name="CoolTesters.Selenium.AppTest" time="0.019" errors="0" timestamp="12 Sep 2020 13:50:29 GMT" skipped="0">
  <testcase classname="CoolTesters.Selenium.AppTest" name="shouldAnswerWithTrue" time="0.019"/>
</testsuite> <!-- CoolTesters.Selenium.AppTest -->
